Nov 13 2016 01:22:38
{"Number":2,"Message":"stream_socket_client(): unable to connect to ssl:\/\/172.20.0.2:443 (Connection refused)","File":"\/var\/www\/html\/wp-content\/plugins\/all-in-one-wp-migration\/lib\/model\/http\/class-ai1wm-http-stream.php","Line":73}

Nov 13 2016 01:22:38
{"Number":2,"Message":"stream_socket_client(): unable to connect to tcp:\/\/172.20.0.2:443 (Connection refused)","File":"\/var\/www\/html\/wp-content\/plugins\/all-in-one-wp-migration\/lib\/model\/http\/class-ai1wm-http-stream.php","Line":74}

Nov 13 2016 01:22:38
{"Number":2,"Message":"stream_select(): supplied argument is not a valid stream resource","File":"\/var\/www\/html\/wp-content\/plugins\/all-in-one-wp-migration\/lib\/model\/http\/class-ai1wm-http-stream.php","Line":83}

Nov 13 2016 01:22:38
{"Number":2,"Message":"stream_select(): No stream arrays were passed","File":"\/var\/www\/html\/wp-content\/plugins\/all-in-one-wp-migration\/lib\/model\/http\/class-ai1wm-http-stream.php","Line":83}

Nov 13 2016 01:22:38
{"Number":2,"Message":"fwrite() expects parameter 1 to be resource, boolean given","File":"\/var\/www\/html\/wp-content\/plugins\/all-in-one-wp-migration\/lib\/model\/http\/class-ai1wm-http-stream.php","Line":92}

Nov 13 2016 01:22:38
{"Number":1024,"Message":"fwrite wrote only 0 instead of 351","File":"\/var\/www\/html\/wp-content\/plugins\/all-in-one-wp-migration\/lib\/model\/http\/class-ai1wm-http-stream.php","Line":93}

Nov 13 2016 01:22:38
{"Number":2,"Message":"fread() expects parameter 1 to be resource, boolean given","File":"\/var\/www\/html\/wp-content\/plugins\/all-in-one-wp-migration\/lib\/model\/http\/class-ai1wm-http-stream.php","Line":98}

Nov 13 2016 01:22:38
{"Number":2,"Message":"fclose() expects parameter 1 to be resource, boolean given","File":"\/var\/www\/html\/wp-content\/plugins\/all-in-one-wp-migration\/lib\/model\/http\/class-ai1wm-http-stream.php","Line":108}

Nov 13 2016 01:22:38
{"Number":2,"Message":"stream_socket_client(): SSL operation failed with code 1. OpenSSL Error messages:\nerror:14077438:SSL routines:SSL23_GET_SERVER_HELLO:tlsv1 alert internal error","File":"\/var\/www\/html\/wp-content\/plugins\/all-in-one-wp-migration\/lib\/model\/http\/class-ai1wm-http-stream.php","Line":73}

Nov 13 2016 01:22:38
{"Number":2,"Message":"stream_socket_client(): Failed to enable crypto","File":"\/var\/www\/html\/wp-content\/plugins\/all-in-one-wp-migration\/lib\/model\/http\/class-ai1wm-http-stream.php","Line":73}

Nov 13 2016 01:22:38
{"Number":2,"Message":"stream_socket_client(): unable to connect to ssl:\/\/104.27.151.233:443 (Unknown error)","File":"\/var\/www\/html\/wp-content\/plugins\/all-in-one-wp-migration\/lib\/model\/http\/class-ai1wm-http-stream.php","Line":73}

Nov 13 2016 01:24:33
{"Number":2,"Message":"opendir(\/var\/www\/html\/wp-content\/cache\/db\/options_comments\/): failed to open dir: No such file or directory","File":"\/var\/www\/html\/wp-content\/plugins\/w3-total-cache\/Util_File.php","Line":84}

Nov 13 2016 01:24:33
{"Number":8,"Message":"Undefined index: HTTP_REFERER","File":"\/var\/www\/html\/wp-content\/plugins\/w3-total-cache\/DbCache_WpdbInjection_QueryCaching.php","Line":366}

Nov 13 2016 01:24:33
{"Number":8,"Message":"Undefined index: HTTP_REFERER","File":"\/var\/www\/html\/wp-content\/plugins\/w3-total-cache\/DbCache_WpdbInjection_QueryCaching.php","Line":366}

Nov 13 2016 01:24:35
{"Number":2,"Message":"opendir(\/var\/www\/html\/wp-content\/cache\/object): failed to open dir: No such file or directory","File":"\/var\/www\/html\/wp-content\/plugins\/w3-total-cache\/Util_File.php","Line":84}

Nov 13 2016 01:24:35
{"Number":2,"Message":"opendir(\/var\/www\/html\/wp-content\/cache\/object): failed to open dir: No such file or directory","File":"\/var\/www\/html\/wp-content\/plugins\/w3-total-cache\/Util_File.php","Line":84}

Nov 13 2016 01:24:35
{"Number":8,"Message":"Undefined index: HTTP_REFERER","File":"\/var\/www\/html\/wp-content\/plugins\/w3-total-cache\/DbCache_WpdbInjection_QueryCaching.php","Line":366}

Nov 13 2016 01:24:35
{"Number":2,"Message":"opendir(\/var\/www\/html\/wp-content\/cache\/db\/options_comments\/): failed to open dir: No such file or directory","File":"\/var\/www\/html\/wp-content\/plugins\/w3-total-cache\/Util_File.php","Line":84}

Nov 13 2016 01:24:35
{"Number":8,"Message":"Undefined index: HTTP_REFERER","File":"\/var\/www\/html\/wp-content\/plugins\/w3-total-cache\/DbCache_WpdbInjection_QueryCaching.php","Line":366}

Nov 13 2016 01:24:35
{"Number":8,"Message":"Undefined index: HTTP_REFERER","File":"\/var\/www\/html\/wp-content\/plugins\/w3-total-cache\/DbCache_WpdbInjection_QueryCaching.php","Line":366}

Nov 13 2016 01:24:36
{"Number":8,"Message":"Undefined index: HTTP_REFERER","File":"\/var\/www\/html\/wp-content\/plugins\/w3-total-cache\/DbCache_WpdbInjection_QueryCaching.php","Line":366}

Nov 13 2016 01:24:36
{"Number":8,"Message":"Undefined index: HTTP_REFERER","File":"\/var\/www\/html\/wp-content\/plugins\/w3-total-cache\/DbCache_WpdbInjection_QueryCaching.php","Line":366}

Nov 13 2016 01:24:36
{"Number":2,"Message":"opendir(\/var\/www\/html\/wp-content\/cache\/db\/options_comments\/): failed to open dir: No such file or directory","File":"\/var\/www\/html\/wp-content\/plugins\/w3-total-cache\/Util_File.php","Line":84}

Nov 13 2016 01:24:36
{"Number":8,"Message":"Undefined index: HTTP_REFERER","File":"\/var\/www\/html\/wp-content\/plugins\/w3-total-cache\/DbCache_WpdbInjection_QueryCaching.php","Line":366}

